<?xml version="1.0" encoding="UTF-8"?>
<!-- Generated by org.testng.reporters.JUnitReportReporter -->
<testsuite skipped="0" hostname="DESKTOP-UNQCSCA" name="module6.Priority2" tests="5" failures="0" timestamp="2020-01-19T23:14:10 IST" time="0.018" errors="0">
  <testcase name="Pune" time="0.001" classname="module6.Priority2"/>
  <testcase name="Hyderabad" time="0.001" classname="module6.Priority2"/>
  <testcase name="Banglore" time="0.014" classname="module6.Priority2"/>
  <testcase name="Mumbai" time="0.001" classname="module6.Priority2"/>
  <testcase name="Chennai" time="0.001" classname="module6.Priority2"/>
</testsuite> <!-- module6.Priority2 -->
