<?xml version="1.0" encoding="UTF-8"?>
<!-- Generated by org.testng.reporters.JUnitReportReporter -->
<testsuite skipped="0" hostname="DESKTOP-UNQCSCA" name="module6.Depends_Priority" tests="5" failures="0" timestamp="2020-01-25T23:26:23 IST" time="0.019" errors="0">
  <testcase name="Mumbai" time="0.001" classname="module6.Depends_Priority"/>
  <testcase name="Hyderabad" time="0.001" classname="module6.Depends_Priority"/>
  <testcase name="Pune" time="0.015" classname="module6.Depends_Priority"/>
  <testcase name="Chennai" time="0.001" classname="module6.Depends_Priority"/>
  <testcase name="Banglore" time="0.001" classname="module6.Depends_Priority"/>
</testsuite> <!-- module6.Depends_Priority -->
