<?xml version="1.0" encoding="UTF-8"?>
<!-- Generated by org.testng.reporters.JUnitReportReporter -->
<testsuite skipped="0" hostname="DESKTOP-UNQCSCA" name="module6.GitHubLogin" tests="1" failures="0" timestamp="2020-01-19T22:11:55 IST" time="5.523" errors="0">
  <testcase name="Login" time="5.523" classname="module6.GitHubLogin"/>
</testsuite> <!-- module6.GitHubLogin -->
