<?xml version="1.0" encoding="UTF-8"?>
<!-- Generated by org.testng.reporters.JUnitReportReporter -->
<testsuite skipped="0" hostname="DESKTOP-UNQCSCA" name="module6.Grouping1" tests="9" failures="0" timestamp="2020-01-25T22:22:46 IST" time="23.968" errors="0">
  <testcase name="Browser" time="5.823" classname="module6.Grouping1"/>
  <testcase name="OpenAUT" time="2.189" classname="module6.Grouping1"/>
  <testcase name="Login" time="8.634" classname="module6.Grouping1"/>
  <testcase name="Logout" time="4.278" classname="module6.Grouping1"/>
  <testcase name="ClickRegisterLink" time="0.937" classname="module6.Grouping1"/>
  <testcase name="ClickContactUsLink" time="0.672" classname="module6.Grouping1"/>
  <testcase name="ClickSupportLink" time="0.670" classname="module6.Grouping1"/>
  <testcase name="ClickSignOnLink" time="0.700" classname="module6.Grouping1"/>
  <testcase name="CloseBrowser" time="0.065" classname="module6.Grouping1"/>
</testsuite> <!-- module6.Grouping1 -->
