<?xml version="1.0" encoding="UTF-8"?>
<!-- Generated by org.testng.reporters.JUnitReportReporter -->
<testsuite skipped="0" hostname="DESKTOP-UNQCSCA" name="module9.TestCases.DDT" tests="10" failures="0" timestamp="2020-02-03T16:05:12 IST" time="59.830" errors="0">
  <testcase name="FormFill" time="5.978" classname="module9.TestCases.DDT"/>
  <testcase name="FormFill" time="5.983" classname="module9.TestCases.DDT"/>
  <testcase name="FormFill" time="5.911" classname="module9.TestCases.DDT"/>
  <testcase name="FormFill" time="5.914" classname="module9.TestCases.DDT"/>
  <testcase name="FormFill" time="6.310" classname="module9.TestCases.DDT"/>
  <testcase name="FormFill" time="5.969" classname="module9.TestCases.DDT"/>
  <testcase name="FormFill" time="5.888" classname="module9.TestCases.DDT"/>
  <testcase name="FormFill" time="5.953" classname="module9.TestCases.DDT"/>
  <testcase name="FormFill" time="5.986" classname="module9.TestCases.DDT"/>
  <testcase name="FormFill" time="5.938" classname="module9.TestCases.DDT"/>
</testsuite> <!-- module9.TestCases.DDT -->
