<?xml version="1.0" encoding="UTF-8"?>
<!-- Generated by org.testng.reporters.JUnitReportReporter -->
<testsuite skipped="0" hostname="DESKTOP-UNQCSCA" name="module6.GitHubLogin_Parallel" tests="10" failures="0" timestamp="2020-01-25T22:11:04 IST" time="41.842" errors="0">
  <testcase name="OpenBrowser" time="5.876" classname="module6.GitHubLogin_Parallel"/>
  <testcase name="OpenBrowser" time="3.918" classname="module6.GitHubLogin_Parallel"/>
  <testcase name="OpenAUT" time="4.422" classname="module6.GitHubLogin_Parallel"/>
  <testcase name="OpenAUT" time="2.146" classname="module6.GitHubLogin_Parallel"/>
  <testcase name="Login" time="5.471" classname="module6.GitHubLogin_Parallel"/>
  <testcase name="Login" time="5.610" classname="module6.GitHubLogin_Parallel"/>
  <testcase name="Logout" time="3.144" classname="module6.GitHubLogin_Parallel"/>
  <testcase name="Logout" time="3.476" classname="module6.GitHubLogin_Parallel"/>
  <testcase name="CloseTestCase" time="3.619" classname="module6.GitHubLogin_Parallel"/>
  <testcase name="CloseTestCase" time="4.160" classname="module6.GitHubLogin_Parallel"/>
</testsuite> <!-- module6.GitHubLogin_Parallel -->
