<?xml version="1.0" encoding="UTF-8"?>
<!-- Generated by org.testng.reporters.JUnitReportReporter -->
<testsuite skipped="2" hostname="DESKTOP-UNQCSCA" name="module6.Enabled" tests="5" failures="0" timestamp="2020-01-19T23:01:36 IST" time="16.106" errors="0">
  <testcase name="OpenBrowser" time="5.739" classname="module6.Enabled"/>
  <testcase name="OpenAUT" time="1.685" classname="module6.Enabled"/>
  <testcase name="Login" time="8.682" classname="module6.Enabled"/>
  <testcase name="CloseBrowser" classname="module6.Enabled">
    <skipped/>
  </testcase> <!-- CloseBrowser -->
  <testcase name="Logout" classname="module6.Enabled">
    <skipped/>
  </testcase> <!-- Logout -->
</testsuite> <!-- module6.Enabled -->
