<?xml version="1.0" encoding="UTF-8"?>
<!-- Generated by org.testng.reporters.JUnitReportReporter -->
<testsuite skipped="0" hostname="DESKTOP-UNQCSCA" name="module9.TestCases.DDT" tests="10" failures="0" timestamp="2020-02-01T23:22:09 IST" time="53.199" errors="0">
  <testcase name="FormFill" time="5.288" classname="module9.TestCases.DDT"/>
  <testcase name="FormFill" time="5.311" classname="module9.TestCases.DDT"/>
  <testcase name="FormFill" time="5.290" classname="module9.TestCases.DDT"/>
  <testcase name="FormFill" time="5.278" classname="module9.TestCases.DDT"/>
  <testcase name="FormFill" time="5.289" classname="module9.TestCases.DDT"/>
  <testcase name="FormFill" time="5.291" classname="module9.TestCases.DDT"/>
  <testcase name="FormFill" time="5.284" classname="module9.TestCases.DDT"/>
  <testcase name="FormFill" time="5.509" classname="module9.TestCases.DDT"/>
  <testcase name="FormFill" time="5.309" classname="module9.TestCases.DDT"/>
  <testcase name="FormFill" time="5.350" classname="module9.TestCases.DDT"/>
</testsuite> <!-- module9.TestCases.DDT -->
